#
# There is insufficient memory for the Java Runtime Environment to continue.
# Native memory allocation (mmap) failed to map 257949696 bytes. Error detail: G1 virtual space
# Possible reasons:
#   The system is out of physical RAM or swap space
#   This process is running with CompressedOops enabled, and the Java Heap may be blocking the growth of the native heap
# Possible solutions:
#   Reduce memory load on the system
#   Increase physical memory or swap space
#   Check if swap backing store is full
#   Decrease Java heap size (-Xmx/-Xms)
#   Decrease number of Java threads
#   Decrease Java thread stack sizes (-Xss)
#   Set larger code cache with -XX:ReservedCodeCacheSize=
#   JVM is running with Zero Based Compressed Oops mode in which the Java heap is
#     placed in the first 32GB address space. The Java Heap base address is the
#     maximum limit for the native heap growth. Please use -XX:HeapBaseMinAddress
#     to set the Java Heap base and to place the Java Heap above 32GB virtual address.
# This output file may be truncated or incomplete.
#
#  Out of Memory Error (os_windows.cpp:3703), pid=31412, tid=37092
#
# JRE version:  (23.0.1+11) (build )
# Java VM: Java HotSpot(TM) 64-Bit Server VM (23.0.1+11-39, mixed mode, sharing, tiered, compressed oops, compressed class ptrs, g1 gc, windows-amd64)
# No core dump will be written. Minidumps are not enabled by default on client versions of Windows
#

---------------  S U M M A R Y ------------

Command Line: VeeBoSolver.Main

Host: AMD Ryzen 7 8845HS w/ Radeon 780M Graphics, 16 cores, 15G,  Windows 11 , 64 bit Build 26100 (10.0.26100.7309)
Time: Tue Dec 16 00:12:32 2025 SE Asia Standard Time elapsed time: 0.013136 seconds (0d 0h 0m 0s)

---------------  T H R E A D  ---------------

Current thread (0x00000174cdcae0c0):  JavaThread "Unknown thread" [_thread_in_vm, id=37092, stack(0x00000006c7900000,0x00000006c7a00000) (1024K)]

Stack: [0x00000006c7900000,0x00000006c7a00000]
Native frames: (J=compiled Java code, j=interpreted, Vv=VM code, C=native code)
V  [jvm.dll+0x6e08b9]  (no source info available)
V  [jvm.dll+0x87dc83]  (no source info available)
V  [jvm.dll+0x88010e]  (no source info available)
V  [jvm.dll+0x8807e3]  (no source info available)
V  [jvm.dll+0x27aee6]  (no source info available)
V  [jvm.dll+0x6dd1c5]  (no source info available)
V  [jvm.dll+0x6d104a]  (no source info available)
V  [jvm.dll+0x35b3ea]  (no source info available)
V  [jvm.dll+0x3637f6]  (no source info available)
V  [jvm.dll+0x34fd5e]  (no source info available)
V  [jvm.dll+0x34fff8]  (no source info available)
V  [jvm.dll+0x3289cc]  (no source info available)
V  [jvm.dll+0x32966e]  (no source info available)
V  [jvm.dll+0x844355]  (no source info available)
V  [jvm.dll+0x3b9848]  (no source info available)
V  [jvm.dll+0x82d14c]  (no source info available)
V  [jvm.dll+0x454d4e]  (no source info available)
V  [jvm.dll+0x456bd1]  (no source info available)
C  [jli.dll+0x52a3]  (no source info available)
C  [ucrtbase.dll+0x37b0]  (no source info available)
C  [KERNEL32.DLL+0x2e8d7]  (no source info available)
C  [ntdll.dll+0x8c53c]  (no source info available)

Lock stack of current Java thread (top to bottom):


---------------  P R O C E S S  ---------------

Threads class SMR info:
_java_thread_list=0x00007fffcaf43618, length=0, elements={
}

Java Threads: ( => current thread )
Total: 0

Other Threads:
  0x00000174d016cd70 WorkerThread "GC Thread#0"                     [id=54524, stack(0x00000006c7a00000,0x00000006c7b00000) (1024K)]
  0x00000174d0182f30 ConcurrentGCThread "G1 Main Marker"            [id=22628, stack(0x00000006c7b00000,0x00000006c7c00000) (1024K)]
  0x00000174d0183a40 WorkerThread "G1 Conc#0"                       [id=12724, stack(0x00000006c7c00000,0x00000006c7d00000) (1024K)]

[error occurred during error reporting (printing all threads), id 0xc0000005, EXCEPTION_ACCESS_VIOLATION (0xc0000005) at pc=0x00007fffca68bfba]
VM state: not at safepoint (not fully initialized)

VM Mutex/Monitor currently owned by a thread:  ([mutex/lock_event])
[0x00007fffcafc3a10] Heap_lock - owner thread: 0x00000174cdcae0c0

Heap address: 0x000000070b000000, size: 3920 MB, Compressed Oops mode: Zero based, Oop shift amount: 3

CDS archive(s) mapped at: [0x0000000000000000-0x0000000000000000-0x0000000000000000), size 0, SharedBaseAddress: 0x0000000800000000, ArchiveRelocationMode: 1.
Narrow klass base: 0x0000000000000000, Narrow klass shift: 0, Narrow klass range: 0x0

GC Precious Log:
 CardTable entry size: 512
 Card Set container configuration: InlinePtr #cards 4 size 8 Array Of Cards #cards 16 size 48 Howl #buckets 8 coarsen threshold 3686 Howl Bitmap #cards 512 size 80 coarsen threshold 460 Card regions per heap region 1 cards per card region 4096

Heap:
 garbage-first heap   total reserved 4014080K, committed 0K, used 0K [0x000000070b000000, 0x0000000800000000)
  region size 2048K, 0 young (0K), 0 survivors (0K)

[error occurred during error reporting (printing heap information), id 0xc0000005, EXCEPTION_ACCESS_VIOLATION (0xc0000005) at pc=0x00007fffcaa8c3c9]
GC Heap History (0 events):
No events

Dll operation events (1 events):
Event: 0.008 Loaded shared library C:\Program Files\Java\jdk-23\bin\java.dll

Deoptimization events (0 events):
No events

Classes loaded (0 events):
No events

Classes unloaded (0 events):
No events

Classes redefined (0 events):
No events

Internal exceptions (0 events):
No events

VM Operations (0 events):
No events

Memory protections (0 events):
No events

Nmethod flushes (0 events):
No events

Events (0 events):
No events


Dynamic libraries:
0x00007ff7fc030000 - 0x00007ff7fc040000 	C:\Program Files\Java\jdk-23\bin\java.exe
0x00007ff8aa9c0000 - 0x00007ff8aac27000 	C:\WINDOWS\SYSTEM32\ntdll.dll
0x00007ff8a94a0000 - 0x00007ff8a9569000 	C:\WINDOWS\System32\KERNEL32.DLL
0x00007ff8a7e50000 - 0x00007ff8a823f000 	C:\WINDOWS\System32\KERNELBASE.dll
0x00007ff8a7b10000 - 0x00007ff8a7c5b000 	C:\WINDOWS\System32\ucrtbase.dll
0x00007ff89fd10000 - 0x00007ff89fd27000 	C:\Program Files\Java\jdk-23\bin\jli.dll
0x00007ff89fd30000 - 0x00007ff89fd4b000 	C:\Program Files\Java\jdk-23\bin\VCRUNTIME140.dll
0x00007ff8a95b0000 - 0x00007ff8a9775000 	C:\WINDOWS\System32\USER32.dll
0x00007ff8a8250000 - 0x00007ff8a8277000 	C:\WINDOWS\System32\win32u.dll
0x00007ff88bd20000 - 0x00007ff88bfb3000 	C:\WINDOWS\WinSxS\amd64_microsoft.windows.common-controls_6595b64144ccf1df_6.0.26100.7309_none_3e05feeae336a044\COMCTL32.dll
0x00007ff8a8770000 - 0x00007ff8a879b000 	C:\WINDOWS\System32\GDI32.dll
0x00007ff8a9a20000 - 0x00007ff8a9ac9000 	C:\WINDOWS\System32\msvcrt.dll
0x00007ff8a8630000 - 0x00007ff8a875c000 	C:\WINDOWS\System32\gdi32full.dll
0x00007ff8a7c60000 - 0x00007ff8a7d03000 	C:\WINDOWS\System32\msvcp_win.dll
0x00007ff8a9570000 - 0x00007ff8a95a1000 	C:\WINDOWS\System32\IMM32.DLL
0x00007ff8a2f10000 - 0x00007ff8a2f1c000 	C:\Program Files\Java\jdk-23\bin\vcruntime140_1.dll
0x00007ff8189b0000 - 0x00007ff818a3e000 	C:\Program Files\Java\jdk-23\bin\msvcp140.dll
0x00007fffca350000 - 0x00007fffcb09f000 	C:\Program Files\Java\jdk-23\bin\server\jvm.dll
0x00007ff8aa160000 - 0x00007ff8aa214000 	C:\WINDOWS\System32\ADVAPI32.dll
0x00007ff8a8c10000 - 0x00007ff8a8cb6000 	C:\WINDOWS\System32\sechost.dll
0x00007ff8a9900000 - 0x00007ff8a9a18000 	C:\WINDOWS\System32\RPCRT4.dll
0x00007ff8a8b70000 - 0x00007ff8a8be4000 	C:\WINDOWS\System32\WS2_32.dll
0x00007ff8a6720000 - 0x00007ff8a677e000 	C:\WINDOWS\SYSTEM32\POWRPROF.dll
0x00007ff8989f0000 - 0x00007ff898a25000 	C:\WINDOWS\SYSTEM32\WINMM.dll
0x00007ff89e750000 - 0x00007ff89e75b000 	C:\WINDOWS\SYSTEM32\VERSION.dll
0x00007ff8a6700000 - 0x00007ff8a6714000 	C:\WINDOWS\SYSTEM32\UMPDC.dll
0x00007ff8a69e0000 - 0x00007ff8a69fb000 	C:\WINDOWS\SYSTEM32\kernel.appcore.dll
0x00007ff89fe10000 - 0x00007ff89fe1a000 	C:\Program Files\Java\jdk-23\bin\jimage.dll
0x00007ff89d890000 - 0x00007ff89dad2000 	C:\WINDOWS\SYSTEM32\DBGHELP.DLL
0x00007ff8a87e0000 - 0x00007ff8a8b65000 	C:\WINDOWS\System32\combase.dll
0x00007ff8a9150000 - 0x00007ff8a9226000 	C:\WINDOWS\System32\OLEAUT32.dll
0x00007ff87a7d0000 - 0x00007ff87a80c000 	C:\WINDOWS\SYSTEM32\dbgcore.DLL
0x00007ff8a7d10000 - 0x00007ff8a7db5000 	C:\WINDOWS\System32\bcryptPrimitives.dll
0x00007ff89d570000 - 0x00007ff89d58e000 	C:\Program Files\Java\jdk-23\bin\java.dll
0x00007ff8a9ad0000 - 0x00007ff8a9c67000 	C:\WINDOWS\System32\ole32.dll
0x00007ff8aa220000 - 0x00007ff8aa973000 	C:\WINDOWS\System32\SHELL32.dll
0x00007ff8a8340000 - 0x00007ff8a84aa000 	C:\WINDOWS\System32\wintypes.dll

dbghelp: loaded successfully - version: 4.0.5 - missing functions: none
symbol engine: initialized successfully - sym options: 0x614 - pdb path: .;C:\Program Files\Java\jdk-23\bin;C:\WINDOWS\SYSTEM32;C:\WINDOWS\WinSxS\amd64_microsoft.windows.common-controls_6595b64144ccf1df_6.0.26100.7309_none_3e05feeae336a044;C:\Program Files\Java\jdk-23\bin\server

VM Arguments:
java_command: VeeBoSolver.Main
java_class_path (initial): bin
Launcher Type: SUN_STANDARD

[Global flags]
     intx CICompilerCount                          = 12                                        {product} {ergonomic}
     uint ConcGCThreads                            = 3                                         {product} {ergonomic}
     uint G1ConcRefinementThreads                  = 13                                        {product} {ergonomic}
   size_t G1HeapRegionSize                         = 2097152                                   {product} {ergonomic}
   size_t InitialHeapSize                          = 257949696                                 {product} {ergonomic}
   size_t MarkStackSize                            = 4194304                                   {product} {ergonomic}
   size_t MarkStackSizeMax                         = 536870912                                 {product} {ergonomic}
   size_t MaxHeapSize                              = 4110417920                                {product} {ergonomic}
   size_t MinHeapDeltaBytes                        = 2097152                                   {product} {ergonomic}
   size_t MinHeapSize                              = 8388608                                   {product} {ergonomic}
    uintx NonNMethodCodeHeapSize                   = 7602176                                {pd product} {ergonomic}
    uintx NonProfiledCodeHeapSize                  = 122093568                              {pd product} {ergonomic}
     bool PerfDisableSharedMem                     = true                                      {product} {ergonomic}
    uintx ProfiledCodeHeapSize                     = 121962496                              {pd product} {ergonomic}
    uintx ReservedCodeCacheSize                    = 251658240                              {pd product} {ergonomic}
     bool SegmentedCodeCache                       = true                                      {product} {ergonomic}
   size_t SoftMaxHeapSize                          = 4110417920                             {manageable} {ergonomic}
     bool UseCompressedOops                        = true                           {product lp64_product} {ergonomic}
     bool UseG1GC                                  = true                                      {product} {ergonomic}
     bool UseLargePagesIndividualAllocation        = false                                  {pd product} {ergonomic}

Logging:
Log output configuration:
 #0: stdout all=warning uptime,level,tags foldmultilines=false
 #1: stderr all=off uptime,level,tags foldmultilines=false

Environment Variables:
PATH=C:\Program Files\Common Files\Oracle\Java\javapath;C:\Program Files (x86)\VMware\VMware Workstation\bin\;C:\WINDOWS\system32;C:\WINDOWS;C:\WINDOWS\System32\Wbem;C:\WINDOWS\System32\WindowsPowerShell\v1.0\;C:\WINDOWS\System32\OpenSSH\;C:\Program Files (x86)\NVIDIA Corporation\PhysX\Common;C:\Program Files (x86)\Windows Kits\10\Windows Performance Toolkit\;C:\Program Files\dotnet\;C:\Program Files\nodejs\;C:\Program Files\Git\cmd;C:\Program Files\NVIDIA Corporation\NVIDIA App\NvDLISR;C:\Users\user\AppData\Local\Programs\Python\Python313\Scripts\;C:\Users\user\AppData\Local\Programs\Python\Python313\;C:\Users\user\AppData\Local\Programs\Python\Launcher\;C:\Users\user\AppData\Local\Microsoft\WindowsApps;C:\Users\user\AppData\Local\Programs\Microsoft VS Code\bin;C:\msys64\mingw64\bin;C:\Users\user\AppData\Roaming\npm;C:\Users\user\AppData\Local\Programs\MiKTeX\miktex\bin\x64\;c:\Users\user\.vscode\extensions\vscjava.vscode-java-debug-0.58.4\bundled\scripts\noConfigScripts
USERNAME=user
LANG=en_US.UTF-8
OS=Windows_NT
PROCESSOR_IDENTIFIER=AMD64 Family 25 Model 117 Stepping 2, AuthenticAMD
TMP=C:\Users\user\AppData\Local\Temp
TEMP=C:\Users\user\AppData\Local\Temp




Periodic native trim disabled

---------------  S Y S T E M  ---------------

OS:
 Windows 11 , 64 bit Build 26100 (10.0.26100.7309)
OS uptime: 3 days 2:33 hours
Hyper-V role detected

CPU: total 16 (initial active 16) (16 cores per cpu, 2 threads per core) family 25 model 117 stepping 2 microcode 0xa705203, cx8, cmov, fxsr, ht, mmx, 3dnowpref, sse, sse2, sse3, ssse3, sse4a, sse4.1, sse4.2, popcnt, lzcnt, tsc, tscinvbit, avx, avx2, aes, erms, clmul, bmi1, bmi2, adx, avx512f, avx512dq, avx512cd, avx512bw, avx512vl, sha, fma, vzeroupper, avx512_vpopcntdq, avx512_vpclmulqdq, avx512_vaes, avx512_vnni, clflush, clflushopt, avx512_vbmi2, avx512_vbmi, hv, rdtscp, rdpid, fsrm, gfni, avx512_bitalg, f16c, cet_ss, avx512_ifma
Processor Information for the first 16 processors :
  Max Mhz: 3801, Current Mhz: 3801, Mhz Limit: 3801

Memory: 4k page, system-wide physical 15676M (1985M free)
TotalPageFile size 40647M (AvailPageFile size 279M)
current process WorkingSet (physical memory assigned to process): 13M, peak: 13M
current process commit charge ("private bytes"): 71M, peak: 317M

vm_info: Java HotSpot(TM) 64-Bit Server VM (23.0.1+11-39) for windows-amd64 JRE (23.0.1+11-39), built on 2024-09-30T07:20:43Z with MS VC++ 17.6 (VS2022)

END.
